# JRE version: Java(TM) SE Runtime Environment (8.0_241-b07) (build 1.8.0_241-b07)
# Java VM: Java HotSpot(TM) 64-Bit Server VM (25.241-b07 mixed mode windows-amd64 compressed oops)
Heap:
 PSYoungGen      total 38400K, used 6957K [0x00000000d5d80000, 0x00000000d8800000, 0x0000000100000000)
  eden space 33280K, 9% used [0x00000000d5d80000,0x00000000d60be5a0,0x00000000d7e00000)
  from space 5120K, 71% used [0x00000000d8300000,0x00000000d868d1f0,0x00000000d8800000)
  to   space 5120K, 0% used [0x00000000d7e00000,0x00000000d7e00000,0x00000000d8300000)
 ParOldGen       total 87552K, used 6983K [0x0000000081800000, 0x0000000086d80000, 0x00000000d5d80000)
  object space 87552K, 7% used [0x0000000081800000,0x0000000081ed1ec8,0x0000000086d80000)
 Metaspace       used 17398K, capacity 17832K, committed 18176K, reserved 1064960K
  class space    used 2072K, capacity 2188K, committed 2304K, reserved 1048576K
GC Heap History (10 events):
Event: 5.795 GC heap before
{Heap before GC invocations=3 (full 0):
 PSYoungGen      total 38400K, used 38387K [0x00000000d5d80000, 0x00000000d8800000, 0x0000000100000000)
  eden space 33280K, 100% used [0x00000000d5d80000,0x00000000d7e00000,0x00000000d7e00000)
  from space 5120K, 99% used [0x00000000d8300000,0x00000000d87fcc98,0x00000000d8800000)
  to   space 5120K, 0% used [0x00000000d7e00000,0x00000000d7e00000,0x00000000d8300000)
 ParOldGen       total 87552K, used 644K [0x0000000081800000, 0x0000000086d80000, 0x00000000d5d80000)
  object space 87552K, 0% used [0x0000000081800000,0x00000000818a1118,0x0000000086d80000)
 Metaspace       used 14681K, capacity 14904K, committed 14976K, reserved 1062912K
  class space    used 1811K, capacity 1905K, committed 1920K, reserved 1048576K
Event: 5.806 GC heap after
Heap after GC invocations=3 (full 0):
 PSYoungGen      total 38400K, used 5103K [0x00000000d5d80000, 0x00000000d8800000, 0x0000000100000000)
  eden space 33280K, 0% used [0x00000000d5d80000,0x00000000d5d80000,0x00000000d7e00000)
  from space 5120K, 99% used [0x00000000d7e00000,0x00000000d82fbe90,0x00000000d8300000)
  to   space 5120K, 0% used [0x00000000d8300000,0x00000000d8300000,0x00000000d8800000)
 ParOldGen       total 87552K, used 2560K [0x0000000081800000, 0x0000000086d80000, 0x00000000d5d80000)
  object space 87552K, 2% used [0x0000000081800000,0x0000000081a80300,0x0000000086d80000)
 Metaspace       used 14681K, capacity 14904K, committed 14976K, reserved 1062912K
  class space    used 1811K, capacity 1905K, committed 1920K, reserved 1048576K
}
Event: 7.024 GC heap before
{Heap before GC invocations=4 (full 0):
 PSYoungGen      total 38400K, used 37798K [0x00000000d5d80000, 0x00000000d8800000, 0x0000000100000000)
  eden space 33280K, 98% used [0x00000000d5d80000,0x00000000d7d6dbe0,0x00000000d7e00000)
  from space 5120K, 99% used [0x00000000d7e00000,0x00000000d82fbe90,0x00000000d8300000)
  to   space 5120K, 0% used [0x00000000d8300000,0x00000000d8300000,0x00000000d8800000)
 ParOldGen       total 87552K, used 2560K [0x0000000081800000, 0x0000000086d80000, 0x00000000d5d80000)
  object space 87552K, 2% used [0x0000000081800000,0x0000000081a80300,0x0000000086d80000)
 Metaspace       used 16229K, capacity 16532K, committed 16768K, reserved 1064960K
  class space    used 1975K, capacity 2079K, committed 2176K, reserved 1048576K
Event: 7.032 GC heap after
Heap after GC invocations=4 (full 0):
 PSYoungGen      total 38400K, used 5088K [0x00000000d5d80000, 0x00000000d8800000, 0x0000000100000000)
  eden space 33280K, 0% used [0x00000000d5d80000,0x00000000d5d80000,0x00000000d7e00000)
  from space 5120K, 99% used [0x00000000d8300000,0x00000000d87f8020,0x00000000d8800000)
  to   space 5120K, 0% used [0x00000000d7e00000,0x00000000d7e00000,0x00000000d8300000)
 ParOldGen       total 87552K, used 4540K [0x0000000081800000, 0x0000000086d80000, 0x00000000d5d80000)
  object space 87552K, 5% used [0x0000000081800000,0x0000000081c6f0b8,0x0000000086d80000)
 Metaspace       used 16229K, capacity 16532K, committed 16768K, reserved 1064960K
  class space    used 1975K, capacity 2079K, committed 2176K, reserved 1048576K
}
Event: 7.032 GC heap before
{Heap before GC invocations=5 (full 1):
 PSYoungGen      total 38400K, used 5088K [0x00000000d5d80000, 0x00000000d8800000, 0x0000000100000000)
  eden space 33280K, 0% used [0x00000000d5d80000,0x00000000d5d80000,0x00000000d7e00000)
  from space 5120K, 99% used [0x00000000d8300000,0x00000000d87f8020,0x00000000d8800000)
  to   space 5120K, 0% used [0x00000000d7e00000,0x00000000d7e00000,0x00000000d8300000)
 ParOldGen       total 87552K, used 4540K [0x0000000081800000, 0x0000000086d80000, 0x00000000d5d80000)
  object space 87552K, 5% used [0x0000000081800000,0x0000000081c6f0b8,0x0000000086d80000)
 Metaspace       used 16229K, capacity 16532K, committed 16768K, reserved 1064960K
  class space    used 1975K, capacity 2079K, committed 2176K, reserved 1048576K
Event: 7.079 GC heap after
Heap after GC invocations=5 (full 1):
 PSYoungGen      total 38400K, used 0K [0x00000000d5d80000, 0x00000000d8800000, 0x0000000100000000)
  eden space 33280K, 0% used [0x00000000d5d80000,0x00000000d5d80000,0x00000000d7e00000)
  from space 5120K, 0% used [0x00000000d8300000,0x00000000d8300000,0x00000000d8800000)
  to   space 5120K, 0% used [0x00000000d7e00000,0x00000000d7e00000,0x00000000d8300000)
 ParOldGen       total 87552K, used 6967K [0x0000000081800000, 0x0000000086d80000, 0x00000000d5d80000)
  object space 87552K, 7% used [0x0000000081800000,0x0000000081ecdec8,0x0000000086d80000)
 Metaspace       used 16229K, capacity 16532K, committed 16768K, reserved 1064960K
  class space    used 1975K, capacity 2079K, committed 2176K, reserved 1048576K
}
Event: 8.205 GC heap before
{Heap before GC invocations=6 (full 1):
 PSYoungGen      total 38400K, used 33280K [0x00000000d5d80000, 0x00000000d8800000, 0x0000000100000000)
  eden space 33280K, 100% used [0x00000000d5d80000,0x00000000d7e00000,0x00000000d7e00000)
  from space 5120K, 0% used [0x00000000d8300000,0x00000000d8300000,0x00000000d8800000)
  to   space 5120K, 0% used [0x00000000d7e00000,0x00000000d7e00000,0x00000000d8300000)
 ParOldGen       total 87552K, used 6967K [0x0000000081800000, 0x0000000086d80000, 0x00000000d5d80000)
  object space 87552K, 7% used [0x0000000081800000,0x0000000081ecdec8,0x0000000086d80000)
 Metaspace       used 16523K, capacity 16856K, committed 17024K, reserved 1064960K
  class space    used 1979K, capacity 2079K, committed 2176K, reserved 1048576K
Event: 8.211 GC heap after
Heap after GC invocations=6 (full 1):
 PSYoungGen      total 38400K, used 1696K [0x00000000d5d80000, 0x00000000d8800000, 0x0000000100000000)
  eden space 33280K, 0% used [0x00000000d5d80000,0x00000000d5d80000,0x00000000d7e00000)
  from space 5120K, 33% used [0x00000000d7e00000,0x00000000d7fa8000,0x00000000d8300000)
  to   space 5120K, 0% used [0x00000000d8300000,0x00000000d8300000,0x00000000d8800000)
 ParOldGen       total 87552K, used 6975K [0x0000000081800000, 0x0000000086d80000, 0x00000000d5d80000)
  object space 87552K, 7% used [0x0000000081800000,0x0000000081ecfec8,0x0000000086d80000)
 Metaspace       used 16523K, capacity 16856K, committed 17024K, reserved 1064960K
  class space    used 1979K, capacity 2079K, committed 2176K, reserved 1048576K
}
Event: 9.682 GC heap before
{Heap before GC invocations=7 (full 1):
 PSYoungGen      total 38400K, used 34976K [0x00000000d5d80000, 0x00000000d8800000, 0x0000000100000000)
  eden space 33280K, 100% used [0x00000000d5d80000,0x00000000d7e00000,0x00000000d7e00000)
  from space 5120K, 33% used [0x00000000d7e00000,0x00000000d7fa8000,0x00000000d8300000)
  to   space 5120K, 0% used [0x00000000d8300000,0x00000000d8300000,0x00000000d8800000)
 ParOldGen       total 87552K, used 6975K [0x0000000081800000, 0x0000000086d80000, 0x00000000d5d80000)
  object space 87552K, 7% used [0x0000000081800000,0x0000000081ecfec8,0x0000000086d80000)
 Metaspace       used 17381K, capacity 17768K, committed 17920K, reserved 1064960K
  class space    used 2072K, capacity 2188K, committed 2304K, reserved 1048576K
Event: 9.686 GC heap after
Heap after GC invocations=7 (full 1):
 PSYoungGen      total 38400K, used 3636K [0x00000000d5d80000, 0x00000000d8800000, 0x0000000100000000)
  eden space 33280K, 0% used [0x00000000d5d80000,0x00000000d5d80000,0x00000000d7e00000)
  from space 5120K, 71% used [0x00000000d8300000,0x00000000d868d1f0,0x00000000d8800000)
  to   space 5120K, 0% used [0x00000000d7e00000,0x00000000d7e00000,0x00000000d8300000)
 ParOldGen       total 87552K, used 6983K [0x0000000081800000, 0x0000000086d80000, 0x00000000d5d80000)
  object space 87552K, 7% used [0x0000000081800000,0x0000000081ed1ec8,0x0000000086d80000)
 Metaspace       used 17381K, capacity 17768K, committed 17920K, reserved 1064960K
  class space    used 2072K, capacity 2188K, committed 2304K, reserved 1048576K
}

